[debug] [2017-07-28T02:52:52.779Z] ----------------------------------------------------------------------
[debug] [2017-07-28T02:52:52.781Z] Command:      /usr/local/Cellar/node/8.1.3/bin/node /usr/local/bin/firebase init
[debug] [2017-07-28T02:52:52.781Z] CLI Version:  3.9.1
[debug] [2017-07-28T02:52:52.781Z] Platform:     darwin
[debug] [2017-07-28T02:52:52.781Z] Node Version: v8.1.3
[debug] [2017-07-28T02:52:52.782Z] Time:         Thu Jul 27 2017 20:52:52 GMT-0600 (MDT)
[debug] [2017-07-28T02:52:52.782Z] ----------------------------------------------------------------------
[debug]
[debug] [2017-07-28T02:52:52.795Z] > command requires scopes: ["email","openid","https://www.googleapis.com/auth/cloudplatformprojects.readonly","https://www.googleapis.com/auth/firebase"]
[debug] [2017-07-28T02:52:52.795Z] > authorizing via signed-in user
[info]
     🔥🔥🔥🔥🔥🔥🔥🔥 🔥🔥🔥🔥 🔥🔥🔥🔥🔥🔥🔥🔥  🔥🔥🔥🔥🔥🔥🔥🔥 🔥🔥🔥🔥🔥🔥🔥🔥     🔥🔥🔥     🔥🔥🔥🔥🔥🔥  🔥🔥🔥🔥🔥🔥🔥🔥
     🔥🔥        🔥🔥  🔥🔥     🔥🔥 🔥🔥       🔥🔥     🔥🔥  🔥🔥   🔥🔥  🔥🔥       🔥🔥
     🔥🔥🔥🔥🔥🔥    🔥🔥  🔥🔥🔥🔥🔥🔥🔥🔥  🔥🔥🔥🔥🔥🔥   🔥🔥🔥🔥🔥🔥🔥🔥  🔥🔥🔥🔥🔥🔥🔥🔥🔥  🔥🔥🔥🔥🔥🔥  🔥🔥🔥🔥🔥🔥
     🔥🔥        🔥🔥  🔥🔥    🔥🔥  🔥🔥       🔥🔥     🔥🔥 🔥🔥     🔥🔥       🔥🔥 🔥🔥
     🔥🔥       🔥🔥🔥🔥 🔥🔥     🔥🔥 🔥🔥🔥🔥🔥🔥🔥🔥 🔥🔥🔥🔥🔥🔥🔥🔥  🔥🔥     🔥🔥  🔥🔥🔥🔥🔥🔥  🔥🔥🔥🔥🔥🔥🔥🔥

You're about to initialize a Firebase project in this directory:

  /Users/recardopoole/workspace/playground/q2/fav_wine_full_stack/client

[warn] ⚠  You have have not selected any features. Continuing will simply associate this folder with a Firebase project. Press Ctrl + C if you want to start over.
[info]
=== Project Setup
[info]
[info] First, let's associate this project directory with a Firebase project.
[info] You can create multiple project aliases by running firebase use --add,
[info] but for now we'll just set up a default project.
[info]
[debug] [2017-07-28T02:53:29.193Z] > refreshing access token with scopes: ["email","https://www.googleapis.com/auth/cloudplatformprojects.readonly","https://www.googleapis.com/auth/firebase","openid"]
[debug] [2017-07-28T02:53:29.193Z] >>> HTTP REQUEST POST https://www.googleapis.com/oauth2/v3/token { refresh_token: '1/ia-yaWjMEIsYSwftVUzhGRiWDKEq-TsPWoja31Ot23g',
  client_id: '563584335869-fgrhgmd47bqnekij5i8b5pr03ho849e6.apps.googleusercontent.com',
  client_secret: 'j9iVZfS8kkCEFUPaAeJV0sAi',
  grant_type: 'refresh_token',
  scope: 'email https://www.googleapis.com/auth/cloudplatformprojects.readonly https://www.googleapis.com/auth/firebase openid' }
 Thu Jul 27 2017 20:53:29 GMT-0600 (MDT)
[debug] [2017-07-28T02:53:29.671Z] <<< HTTP RESPONSE 200
[debug] [2017-07-28T02:53:29.690Z] >>> HTTP REQUEST GET https://admin.firebase.com/v1/projects
 Thu Jul 27 2017 20:53:29 GMT-0600 (MDT)
[debug] [2017-07-28T02:53:30.772Z] <<< HTTP RESPONSE 200
[info]
[info] i  Writing configuration info to firebase.json...
[info] i  Writing project information to .firebaserc...
[info]
[info] ✔  Firebase initialization complete!
[debug] [2017-07-28T02:55:10.112Z] ----------------------------------------------------------------------
[debug] [2017-07-28T02:55:10.115Z] Command:      /usr/local/Cellar/node/8.1.3/bin/node /usr/local/bin/firebase deploy
[debug] [2017-07-28T02:55:10.115Z] CLI Version:  3.9.1
[debug] [2017-07-28T02:55:10.115Z] Platform:     darwin
[debug] [2017-07-28T02:55:10.115Z] Node Version: v8.1.3
[debug] [2017-07-28T02:55:10.116Z] Time:         Thu Jul 27 2017 20:55:10 GMT-0600 (MDT)
[debug] [2017-07-28T02:55:10.116Z] ----------------------------------------------------------------------
[debug]
[debug] [2017-07-28T02:55:10.129Z] > command requires scopes: ["email","openid","https://www.googleapis.com/auth/cloudplatformprojects.readonly","https://www.googleapis.com/auth/firebase","https://www.googleapis.com/auth/cloud-platform"]
[debug] [2017-07-28T02:55:10.129Z] > authorizing via signed-in user
[debug] [2017-07-28T02:55:10.131Z] > refreshing access token with scopes: ["email","https://www.googleapis.com/auth/cloud-platform","https://www.googleapis.com/auth/cloudplatformprojects.readonly","https://www.googleapis.com/auth/firebase","openid"]
[debug] [2017-07-28T02:55:10.131Z] >>> HTTP REQUEST POST https://www.googleapis.com/oauth2/v3/token { refresh_token: '1/ia-yaWjMEIsYSwftVUzhGRiWDKEq-TsPWoja31Ot23g',
  client_id: '563584335869-fgrhgmd47bqnekij5i8b5pr03ho849e6.apps.googleusercontent.com',
  client_secret: 'j9iVZfS8kkCEFUPaAeJV0sAi',
  grant_type: 'refresh_token',
  scope: 'email https://www.googleapis.com/auth/cloud-platform https://www.googleapis.com/auth/cloudplatformprojects.readonly https://www.googleapis.com/auth/firebase openid' }
 Thu Jul 27 2017 20:55:10 GMT-0600 (MDT)
[debug] [2017-07-28T02:55:10.326Z] <<< HTTP RESPONSE 200
[debug] [2017-07-28T02:55:10.343Z] >>> HTTP REQUEST GET https://admin.firebase.com/v1/projects/fav-wine-app
 Thu Jul 27 2017 20:55:10 GMT-0600 (MDT)
[debug] [2017-07-28T02:55:10.919Z] <<< HTTP RESPONSE 200
[debug] [2017-07-28T02:55:10.920Z] >>> HTTP REQUEST GET https://admin.firebase.com/v1/database/fav-wine-app/tokens
 Thu Jul 27 2017 20:55:10 GMT-0600 (MDT)
[debug] [2017-07-28T02:55:12.147Z] <<< HTTP RESPONSE 200
[info]
[info] === Deploying to 'fav-wine-app'...
[info]
[info] i  deploying hosting
[info] i  hosting: preparing ./ directory for upload...
[debug] [2017-07-28T02:55:13.802Z] >>> HTTP REQUEST PUT https://deploy.firebase.com/v1/hosting/fav-wine-app/uploads/-Kq66cl311c0AYwTQP0r?fileCount=1028&message=
 Thu Jul 27 2017 20:55:13 GMT-0600 (MDT)
[debug] [2017-07-28T02:55:30.512Z] <<< HTTP RESPONSE 200
[debug] [2017-07-28T02:55:30.512Z] [hosting] .tgz uploaded successfully, waiting for extraction
[info] ✔  hosting: 1028 files uploaded successfully
[info] i  starting release process (may take several minutes)...
[debug] [2017-07-28T02:55:40.723Z] >>> HTTP REQUEST POST https://deploy.firebase.com/v1/projects/fav-wine-app/releases { hosting:
   { public: './',
     version: '-Kq66cl311c0AYwTQP0r',
     prefix: '-Kq66cl311c0AYwTQP0r/',
     manifest: [] } }
 Thu Jul 27 2017 20:55:40 GMT-0600 (MDT)
[debug] [2017-07-28T02:55:41.062Z] <<< HTTP RESPONSE 200
[info]
[info] ✔  Deploy complete!
[info]
[info] Project Console: https://console.firebase.google.com/project/fav-wine-app/overview
[info] Hosting URL: https://fav-wine-app.firebaseapp.com
